03/19 11:00:29 PM | k[32]	m_tmp[0]	target m[32]
03/19 11:00:30 PM | k[32]	m_tmp[0]	target m[32]
03/19 11:00:31 PM | k[32]	m_tmp[0]	target m[32]
03/19 11:00:33 PM | k[32]	m_tmp[0]	target m[32]
03/19 11:00:34 PM | k[32]	m_tmp[0]	target m[32]
03/19 11:00:35 PM | k[32]	m_tmp[0]	target m[32]
03/19 11:00:36 PM | k[32]	m_tmp[0]	target m[32]
03/19 11:00:37 PM | k[32]	m_tmp[0]	target m[32]
03/19 11:00:54 PM | k[32]	m_tmp[0]	target m[32]
03/19 11:00:55 PM | k[32]	m_tmp[0]	target m[32]
03/19 11:00:56 PM | k[32]	m_tmp[0]	target m[32]
03/19 11:00:57 PM | k[32]	m_tmp[0]	target m[32]
03/19 11:00:59 PM | k[32]	m_tmp[0]	target m[32]
03/19 11:01:00 PM | k[32]	m_tmp[0]	target m[32]
03/19 11:02:50 PM | k[33]	m_tmp[0]	target m[32]
03/19 11:02:51 PM | k[34]	m_tmp[0]	target m[32]
03/19 11:02:53 PM | k[35]	m_tmp[0]	target m[32]
03/19 11:02:54 PM | k[36]	m_tmp[0]	target m[32]
03/19 11:02:55 PM | k[37]	m_tmp[0]	target m[32]
03/19 11:02:56 PM | k[38]	m_tmp[0]	target m[32]
03/19 11:02:57 PM | k[39]	m_tmp[0]	target m[32]
03/19 11:02:58 PM | k[40]	m_tmp[0]	target m[32]
03/19 11:03:00 PM | k[41]	m_tmp[0]	target m[32]
03/19 11:03:17 PM | k[65]	m_tmp[0]	target m[32]
03/19 11:03:18 PM | k[66]	m_tmp[0]	target m[32]
03/19 11:03:19 PM | k[67]	m_tmp[0]	target m[32]
03/19 11:04:07 PM | k[64]	m_tmp[0]	target m[32]
03/19 11:04:08 PM | k[65]	m_tmp[0]	target m[32]
03/19 11:04:09 PM | k[66]	m_tmp[0]	target m[32]
03/19 11:04:11 PM | k[67]	m_tmp[0]	target m[32]
03/19 11:04:12 PM | k[68]	m_tmp[0]	target m[32]
03/19 11:09:47 PM | k[64]	m_tmp[0]	target m[32]
03/19 11:09:49 PM | k[64]	m_tmp[0]	target m[32]
03/19 11:09:50 PM | k[64]	m_tmp[0]	target m[32]
03/19 11:09:51 PM | k[64]	m_tmp[0]	target m[32]
03/19 11:09:52 PM | k[64]	m_tmp[0]	target m[32]
03/19 11:09:53 PM | k[64]	m_tmp[0]	target m[32]
03/19 11:09:54 PM | k[64]	m_tmp[0]	target m[32]
03/19 11:09:56 PM | k[64]	m_tmp[0]	target m[32]
03/19 11:09:57 PM | k[64]	m_tmp[0]	target m[32]
03/19 11:10:59 PM | k[63]	m_tmp[0]	target m[32]
03/19 11:11:00 PM | k[63]	m_tmp[0]	target m[32]
03/19 11:11:02 PM | k[63]	m_tmp[0]	target m[32]
03/19 11:11:03 PM | k[63]	m_tmp[0]	target m[32]
03/19 11:11:04 PM | k[63]	m_tmp[0]	target m[32]
03/19 11:11:05 PM | k[63]	m_tmp[0]	target m[32]
03/19 11:14:32 PM | k[62]	m_tmp[0]	target m[32]
03/19 11:14:33 PM | k[62]	m_tmp[0]	target m[32]
03/19 11:14:34 PM | k[62]	m_tmp[0]	target m[32]
03/19 11:16:49 PM | k[62]	m_tmp[57]	target m[32]
03/19 11:17:08 PM | k[32]	m_tmp[5]	target m[32]
03/19 11:17:09 PM | k[32]	m_tmp[5]	target m[32]
03/19 11:17:10 PM | k[32]	m_tmp[5]	target m[32]
03/19 11:17:11 PM | k[32]	m_tmp[5]	target m[32]
03/19 11:17:13 PM | k[32]	m_tmp[5]	target m[32]
03/19 11:17:14 PM | k[32]	m_tmp[5]	target m[32]
03/19 11:17:15 PM | k[32]	m_tmp[5]	target m[32]
03/19 11:17:16 PM | k[32]	m_tmp[5]	target m[32]
03/19 11:17:17 PM | k[32]	m_tmp[5]	target m[32]
03/19 11:17:18 PM | k[32]	m_tmp[5]	target m[32]
03/19 11:17:30 PM | k[33]	m_tmp[5]	target m[32]
03/19 11:17:31 PM | k[34]	m_tmp[5]	target m[32]
03/19 11:17:32 PM | k[35]	m_tmp[6]	target m[32]
03/19 11:17:33 PM | k[36]	m_tmp[6]	target m[32]
03/19 11:17:34 PM | k[37]	m_tmp[6]	target m[32]
03/19 11:17:35 PM | k[38]	m_tmp[7]	target m[32]
03/19 11:17:36 PM | k[39]	m_tmp[7]	target m[32]
03/19 11:17:37 PM | k[40]	m_tmp[7]	target m[32]
03/19 11:17:38 PM | k[41]	m_tmp[8]	target m[32]
03/19 11:17:39 PM | k[42]	m_tmp[8]	target m[32]
03/19 11:17:41 PM | k[43]	m_tmp[8]	target m[32]
03/19 11:17:42 PM | k[44]	m_tmp[9]	target m[32]
03/19 11:17:43 PM | k[45]	m_tmp[10]	target m[32]
03/19 11:17:44 PM | k[46]	m_tmp[10]	target m[32]
03/19 11:17:45 PM | k[47]	m_tmp[11]	target m[32]
03/19 11:17:46 PM | k[48]	m_tmp[12]	target m[32]
03/19 11:17:47 PM | k[49]	m_tmp[13]	target m[32]
03/19 11:17:48 PM | k[50]	m_tmp[15]	target m[32]
03/19 11:17:49 PM | k[51]	m_tmp[18]	target m[32]
03/19 11:17:50 PM | k[52]	m_tmp[22]	target m[32]
03/19 11:17:51 PM | k[53]	m_tmp[24]	target m[32]
03/19 11:17:52 PM | k[54]	m_tmp[24]	target m[32]
03/19 11:17:53 PM | k[55]	m_tmp[27]	target m[32]
03/19 11:17:54 PM | k[56]	m_tmp[29]	target m[32]
03/19 11:17:55 PM | k[57]	m_tmp[34]	target m[32]
03/19 11:19:53 PM | k[33]	m_tmp[5]	target m[32]
03/19 11:19:54 PM | k[34]	m_tmp[5]	target m[32]
03/19 11:19:55 PM | k[35]	m_tmp[6]	target m[32]
03/19 11:19:56 PM | k[36]	m_tmp[6]	target m[32]
03/19 11:19:57 PM | k[37]	m_tmp[6]	target m[32]
03/19 11:19:58 PM | k[38]	m_tmp[7]	target m[32]
03/19 11:20:00 PM | k[39]	m_tmp[7]	target m[32]
03/19 11:20:01 PM | k[40]	m_tmp[7]	target m[32]
03/19 11:20:02 PM | k[41]	m_tmp[8]	target m[32]
03/19 11:20:03 PM | k[42]	m_tmp[8]	target m[32]
03/19 11:20:04 PM | k[43]	m_tmp[8]	target m[32]
03/19 11:20:05 PM | k[44]	m_tmp[9]	target m[32]
03/19 11:20:06 PM | k[45]	m_tmp[10]	target m[32]
03/19 11:20:07 PM | k[46]	m_tmp[10]	target m[32]
03/19 11:20:08 PM | k[47]	m_tmp[11]	target m[32]
03/19 11:20:09 PM | k[48]	m_tmp[12]	target m[32]
03/19 11:20:11 PM | k[49]	m_tmp[13]	target m[32]
03/19 11:20:12 PM | k[50]	m_tmp[15]	target m[32]
03/19 11:20:13 PM | k[51]	m_tmp[18]	target m[32]
03/19 11:20:14 PM | k[52]	m_tmp[22]	target m[32]
03/19 11:20:15 PM | k[53]	m_tmp[24]	target m[32]
03/19 11:20:16 PM | k[54]	m_tmp[24]	target m[32]
03/19 11:20:17 PM | k[55]	m_tmp[27]	target m[32]
03/19 11:20:18 PM | k[56]	m_tmp[29]	target m[32]
03/19 11:20:19 PM | k[57]	m_tmp[34]	target m[32]
03/19 11:20:19 PM | layer[0]	k[57]	m[32]
03/19 11:20:42 PM | k[33]	m_tmp[0]	target m[32]
03/19 11:21:04 PM | k[34]	m_tmp[0]	target m[32]
03/19 11:21:26 PM | k[35]	m_tmp[0]	target m[32]
03/19 11:21:49 PM | k[36]	m_tmp[0]	target m[32]
03/19 11:22:11 PM | k[37]	m_tmp[0]	target m[32]
03/20 09:48:47 AM | k[33]	m_tmp[0]	target m[32]
03/20 09:48:47 AM | k[34]	m_tmp[0]	target m[32]
03/20 09:48:47 AM | k[35]	m_tmp[0]	target m[32]
03/20 09:48:47 AM | k[36]	m_tmp[0]	target m[32]
03/20 09:48:47 AM | k[37]	m_tmp[0]	target m[32]
03/20 09:48:47 AM | k[38]	m_tmp[0]	target m[32]
03/20 09:48:47 AM | k[39]	m_tmp[0]	target m[32]
03/20 09:48:47 AM | k[40]	m_tmp[0]	target m[32]
03/20 09:48:47 AM | k[41]	m_tmp[0]	target m[32]
03/20 09:48:47 AM | k[42]	m_tmp[0]	target m[32]
03/20 09:48:47 AM | k[43]	m_tmp[0]	target m[32]
03/20 09:48:47 AM | k[44]	m_tmp[0]	target m[32]
03/20 09:48:47 AM | k[45]	m_tmp[0]	target m[32]
03/20 09:48:47 AM | k[46]	m_tmp[0]	target m[32]
03/20 09:48:47 AM | k[47]	m_tmp[0]	target m[32]
03/20 09:48:47 AM | k[48]	m_tmp[0]	target m[32]
03/20 09:48:47 AM | k[49]	m_tmp[0]	target m[32]
03/20 09:48:47 AM | k[50]	m_tmp[0]	target m[32]
03/20 09:48:47 AM | k[51]	m_tmp[0]	target m[32]
03/20 09:48:47 AM | k[52]	m_tmp[0]	target m[32]
03/20 09:48:47 AM | k[53]	m_tmp[0]	target m[32]
03/20 09:48:47 AM | k[54]	m_tmp[0]	target m[32]
03/20 09:48:47 AM | k[55]	m_tmp[0]	target m[32]
03/20 09:48:47 AM | k[56]	m_tmp[0]	target m[32]
03/20 09:48:47 AM | k[57]	m_tmp[0]	target m[32]
03/20 09:48:47 AM | k[58]	m_tmp[0]	target m[32]
03/20 09:48:47 AM | k[59]	m_tmp[0]	target m[32]
03/20 09:48:47 AM | k[60]	m_tmp[0]	target m[32]
03/20 09:48:47 AM | k[61]	m_tmp[0]	target m[32]
03/20 09:48:47 AM | k[62]	m_tmp[0]	target m[32]
03/20 09:48:47 AM | k[63]	m_tmp[0]	target m[32]
03/20 09:48:47 AM | k[64]	m_tmp[0]	target m[32]
03/20 09:48:47 AM | k[65]	m_tmp[0]	target m[32]
03/20 09:48:47 AM | k[66]	m_tmp[0]	target m[32]
03/20 09:48:47 AM | k[67]	m_tmp[0]	target m[32]
03/20 09:48:47 AM | k[68]	m_tmp[0]	target m[32]
03/20 09:48:47 AM | k[69]	m_tmp[0]	target m[32]
03/20 09:48:47 AM | k[70]	m_tmp[0]	target m[32]
03/20 09:48:47 AM | k[71]	m_tmp[0]	target m[32]
03/20 09:48:47 AM | k[72]	m_tmp[0]	target m[32]
03/20 09:48:47 AM | k[73]	m_tmp[0]	target m[32]
03/20 09:48:47 AM | k[74]	m_tmp[0]	target m[32]
03/20 09:48:47 AM | k[75]	m_tmp[0]	target m[32]
03/20 09:48:47 AM | k[76]	m_tmp[0]	target m[32]
03/20 09:48:47 AM | k[77]	m_tmp[0]	target m[32]
03/20 09:48:47 AM | k[78]	m_tmp[0]	target m[32]
03/20 09:48:47 AM | k[79]	m_tmp[0]	target m[32]
03/20 09:48:47 AM | k[80]	m_tmp[0]	target m[32]
03/20 09:48:47 AM | k[81]	m_tmp[0]	target m[32]
03/20 09:48:47 AM | k[82]	m_tmp[0]	target m[32]
03/20 09:48:47 AM | k[83]	m_tmp[0]	target m[32]
03/20 09:48:47 AM | k[84]	m_tmp[0]	target m[32]
03/20 09:48:47 AM | k[85]	m_tmp[0]	target m[32]
03/20 09:48:47 AM | k[86]	m_tmp[0]	target m[32]
03/20 09:48:47 AM | k[87]	m_tmp[0]	target m[32]
03/20 09:48:47 AM | k[88]	m_tmp[0]	target m[32]
03/20 09:48:47 AM | k[89]	m_tmp[0]	target m[32]
03/20 09:48:47 AM | k[90]	m_tmp[0]	target m[32]
03/20 09:48:47 AM | k[91]	m_tmp[0]	target m[32]
03/20 09:48:47 AM | k[92]	m_tmp[0]	target m[32]
03/20 09:48:47 AM | k[93]	m_tmp[0]	target m[32]
03/20 09:48:47 AM | k[94]	m_tmp[0]	target m[32]
03/20 09:48:47 AM | k[95]	m_tmp[0]	target m[32]
03/20 09:48:47 AM | k[96]	m_tmp[0]	target m[32]
03/20 09:48:47 AM | k[97]	m_tmp[0]	target m[32]
03/20 09:48:47 AM | k[98]	m_tmp[0]	target m[32]
03/20 09:48:47 AM | k[99]	m_tmp[0]	target m[32]
03/20 09:48:47 AM | k[100]	m_tmp[0]	target m[32]
03/20 09:48:47 AM | k[101]	m_tmp[0]	target m[32]
03/20 09:48:47 AM | k[102]	m_tmp[0]	target m[32]
03/20 09:48:47 AM | k[103]	m_tmp[0]	target m[32]
03/20 09:48:47 AM | k[104]	m_tmp[0]	target m[32]
03/20 09:48:47 AM | k[105]	m_tmp[0]	target m[32]
03/20 09:48:47 AM | k[106]	m_tmp[0]	target m[32]
03/20 09:48:47 AM | k[107]	m_tmp[0]	target m[32]
03/20 09:48:47 AM | k[108]	m_tmp[0]	target m[32]
03/20 09:48:47 AM | k[109]	m_tmp[0]	target m[32]
03/20 09:48:47 AM | k[110]	m_tmp[0]	target m[32]
03/20 09:48:47 AM | k[111]	m_tmp[0]	target m[32]
03/20 09:48:47 AM | k[112]	m_tmp[0]	target m[32]
03/20 09:48:47 AM | k[113]	m_tmp[0]	target m[32]
03/20 09:48:47 AM | k[114]	m_tmp[0]	target m[32]
03/20 09:48:47 AM | k[115]	m_tmp[0]	target m[32]
03/20 09:48:47 AM | k[116]	m_tmp[0]	target m[32]
03/20 09:48:47 AM | k[117]	m_tmp[0]	target m[32]
03/20 09:48:47 AM | k[118]	m_tmp[0]	target m[32]
03/20 09:48:47 AM | k[119]	m_tmp[0]	target m[32]
03/20 09:48:47 AM | k[120]	m_tmp[0]	target m[32]
03/20 09:48:47 AM | k[121]	m_tmp[0]	target m[32]
03/20 09:48:47 AM | k[122]	m_tmp[0]	target m[32]
03/20 09:48:47 AM | k[123]	m_tmp[0]	target m[32]
03/20 09:48:47 AM | k[124]	m_tmp[0]	target m[32]
03/20 09:48:47 AM | k[125]	m_tmp[0]	target m[32]
03/20 09:48:47 AM | k[126]	m_tmp[0]	target m[32]
03/20 09:48:47 AM | k[127]	m_tmp[0]	target m[32]
03/20 09:48:47 AM | k[128]	m_tmp[0]	target m[32]
03/20 09:48:47 AM | k[129]	m_tmp[0]	target m[32]
03/20 09:48:47 AM | k[130]	m_tmp[0]	target m[32]
03/20 09:48:47 AM | k[131]	m_tmp[0]	target m[32]
03/20 09:48:47 AM | k[132]	m_tmp[0]	target m[32]
03/20 09:48:47 AM | k[133]	m_tmp[0]	target m[32]
03/20 09:48:47 AM | k[134]	m_tmp[0]	target m[32]
03/20 09:48:47 AM | k[135]	m_tmp[0]	target m[32]
03/20 09:48:47 AM | k[136]	m_tmp[0]	target m[32]
03/20 09:48:47 AM | k[137]	m_tmp[0]	target m[32]
03/20 09:48:47 AM | k[138]	m_tmp[0]	target m[32]
03/20 09:48:47 AM | k[139]	m_tmp[0]	target m[32]
03/20 09:48:47 AM | k[140]	m_tmp[0]	target m[32]
03/20 09:48:47 AM | k[141]	m_tmp[0]	target m[32]
03/20 09:48:47 AM | k[142]	m_tmp[0]	target m[32]
03/20 09:48:47 AM | k[143]	m_tmp[0]	target m[32]
03/20 09:48:47 AM | k[144]	m_tmp[0]	target m[32]
03/20 09:48:47 AM | k[145]	m_tmp[0]	target m[32]
03/20 09:48:47 AM | k[146]	m_tmp[0]	target m[32]
03/20 09:48:48 AM | k[147]	m_tmp[0]	target m[32]
03/20 09:48:48 AM | k[148]	m_tmp[0]	target m[32]
03/20 09:48:48 AM | k[149]	m_tmp[0]	target m[32]
03/20 09:48:48 AM | k[150]	m_tmp[0]	target m[32]
03/20 09:48:48 AM | k[151]	m_tmp[0]	target m[32]
03/20 09:48:48 AM | k[152]	m_tmp[0]	target m[32]
03/20 09:48:48 AM | k[153]	m_tmp[0]	target m[32]
03/20 09:48:48 AM | k[154]	m_tmp[0]	target m[32]
03/20 09:48:48 AM | k[155]	m_tmp[0]	target m[32]
03/20 09:48:48 AM | k[156]	m_tmp[0]	target m[32]
03/20 09:48:48 AM | k[157]	m_tmp[0]	target m[32]
03/20 09:48:48 AM | k[158]	m_tmp[0]	target m[32]
03/20 09:48:48 AM | k[159]	m_tmp[0]	target m[32]
03/20 09:48:48 AM | k[160]	m_tmp[0]	target m[32]
03/20 09:48:48 AM | k[161]	m_tmp[0]	target m[32]
03/20 09:48:48 AM | k[162]	m_tmp[0]	target m[32]
03/20 09:48:48 AM | k[163]	m_tmp[0]	target m[32]
03/20 09:48:48 AM | k[164]	m_tmp[0]	target m[32]
03/20 09:48:48 AM | k[165]	m_tmp[0]	target m[32]
03/20 09:48:48 AM | k[166]	m_tmp[0]	target m[32]
03/20 09:48:48 AM | k[167]	m_tmp[0]	target m[32]
03/20 09:48:48 AM | k[168]	m_tmp[0]	target m[32]
03/20 09:48:48 AM | k[169]	m_tmp[0]	target m[32]
03/20 09:48:48 AM | k[170]	m_tmp[0]	target m[32]
03/20 09:48:48 AM | k[171]	m_tmp[0]	target m[32]
03/20 09:48:48 AM | k[172]	m_tmp[0]	target m[32]
03/20 09:48:48 AM | k[173]	m_tmp[0]	target m[32]
03/20 09:48:48 AM | k[174]	m_tmp[0]	target m[32]
03/20 09:48:48 AM | k[175]	m_tmp[0]	target m[32]
03/20 09:48:48 AM | k[176]	m_tmp[0]	target m[32]
03/20 09:48:48 AM | k[177]	m_tmp[0]	target m[32]
03/20 09:48:48 AM | k[178]	m_tmp[0]	target m[32]
03/20 09:48:48 AM | k[179]	m_tmp[0]	target m[32]
03/20 09:48:48 AM | k[180]	m_tmp[0]	target m[32]
03/20 09:48:48 AM | k[181]	m_tmp[0]	target m[32]
03/20 09:48:48 AM | k[182]	m_tmp[0]	target m[32]
03/20 09:48:48 AM | k[183]	m_tmp[0]	target m[32]
03/20 09:48:48 AM | k[184]	m_tmp[0]	target m[32]
03/20 09:48:48 AM | k[185]	m_tmp[0]	target m[32]
03/20 09:48:48 AM | k[186]	m_tmp[0]	target m[32]
03/20 09:48:48 AM | k[187]	m_tmp[0]	target m[32]
03/20 09:48:48 AM | k[188]	m_tmp[0]	target m[32]
03/20 09:48:48 AM | k[189]	m_tmp[0]	target m[32]
03/20 09:48:48 AM | k[190]	m_tmp[0]	target m[32]
03/20 09:48:48 AM | k[191]	m_tmp[0]	target m[32]
03/20 09:48:48 AM | k[192]	m_tmp[0]	target m[32]
03/20 09:48:48 AM | k[193]	m_tmp[0]	target m[32]
03/20 09:48:48 AM | k[194]	m_tmp[0]	target m[32]
03/20 09:48:48 AM | k[195]	m_tmp[0]	target m[32]
03/20 09:48:48 AM | k[196]	m_tmp[0]	target m[32]
03/20 09:48:48 AM | k[197]	m_tmp[0]	target m[32]
03/20 09:48:48 AM | k[198]	m_tmp[0]	target m[32]
03/20 09:48:48 AM | k[199]	m_tmp[0]	target m[32]
03/20 09:48:48 AM | k[200]	m_tmp[0]	target m[32]
03/20 09:48:48 AM | k[201]	m_tmp[0]	target m[32]
03/20 09:48:48 AM | k[202]	m_tmp[0]	target m[32]
03/20 09:48:48 AM | k[203]	m_tmp[0]	target m[32]
03/20 09:48:48 AM | k[204]	m_tmp[0]	target m[32]
03/20 09:48:48 AM | k[205]	m_tmp[0]	target m[32]
03/20 09:48:48 AM | k[206]	m_tmp[0]	target m[32]
03/20 09:48:48 AM | k[207]	m_tmp[0]	target m[32]
03/20 09:48:48 AM | k[208]	m_tmp[0]	target m[32]
03/20 09:48:48 AM | k[209]	m_tmp[0]	target m[32]
03/20 09:48:48 AM | k[210]	m_tmp[0]	target m[32]
03/20 09:48:48 AM | k[211]	m_tmp[0]	target m[32]
03/20 09:48:48 AM | k[212]	m_tmp[0]	target m[32]
03/20 09:48:48 AM | k[213]	m_tmp[0]	target m[32]
03/20 09:48:48 AM | k[214]	m_tmp[0]	target m[32]
03/20 09:48:48 AM | k[215]	m_tmp[0]	target m[32]
03/20 09:48:48 AM | k[216]	m_tmp[0]	target m[32]
03/20 09:48:48 AM | k[217]	m_tmp[0]	target m[32]
03/20 09:48:48 AM | k[218]	m_tmp[0]	target m[32]
03/20 09:48:48 AM | k[219]	m_tmp[0]	target m[32]
03/20 09:48:48 AM | k[220]	m_tmp[0]	target m[32]
03/20 09:48:48 AM | k[221]	m_tmp[0]	target m[32]
03/20 09:48:48 AM | k[222]	m_tmp[0]	target m[32]
03/20 09:48:48 AM | k[223]	m_tmp[0]	target m[32]
03/20 09:48:48 AM | k[224]	m_tmp[0]	target m[32]
03/20 09:48:48 AM | k[225]	m_tmp[0]	target m[32]
03/20 09:48:48 AM | k[226]	m_tmp[0]	target m[32]
03/20 09:48:48 AM | k[227]	m_tmp[0]	target m[32]
03/20 09:48:48 AM | k[228]	m_tmp[0]	target m[32]
03/20 09:48:48 AM | k[229]	m_tmp[0]	target m[32]
03/20 09:48:48 AM | k[230]	m_tmp[0]	target m[32]
03/20 09:48:48 AM | k[231]	m_tmp[0]	target m[32]
03/20 09:48:48 AM | k[232]	m_tmp[0]	target m[32]
03/20 09:48:48 AM | k[233]	m_tmp[0]	target m[32]
03/20 09:48:48 AM | k[234]	m_tmp[0]	target m[32]
03/20 09:48:48 AM | k[235]	m_tmp[0]	target m[32]
03/20 09:48:48 AM | k[236]	m_tmp[0]	target m[32]
03/20 09:48:48 AM | k[237]	m_tmp[0]	target m[32]
03/20 09:48:48 AM | k[238]	m_tmp[0]	target m[32]
03/20 09:48:48 AM | k[239]	m_tmp[0]	target m[32]
03/20 09:48:48 AM | k[240]	m_tmp[0]	target m[32]
03/20 09:48:48 AM | k[241]	m_tmp[0]	target m[32]
03/20 09:48:48 AM | k[242]	m_tmp[0]	target m[32]
03/20 09:48:48 AM | k[243]	m_tmp[0]	target m[32]
03/20 09:48:48 AM | k[244]	m_tmp[0]	target m[32]
03/20 09:48:48 AM | k[245]	m_tmp[0]	target m[32]
03/20 09:48:48 AM | k[246]	m_tmp[0]	target m[32]
03/20 09:48:48 AM | k[247]	m_tmp[0]	target m[32]
03/20 09:48:48 AM | k[248]	m_tmp[0]	target m[32]
03/20 09:48:48 AM | k[249]	m_tmp[0]	target m[32]
03/20 09:48:48 AM | k[250]	m_tmp[0]	target m[32]
03/20 09:48:48 AM | k[251]	m_tmp[0]	target m[32]
03/20 09:48:48 AM | k[252]	m_tmp[0]	target m[32]
03/20 09:48:48 AM | k[253]	m_tmp[0]	target m[32]
03/20 09:48:48 AM | k[254]	m_tmp[0]	target m[32]
03/20 09:48:49 AM | k[255]	m_tmp[0]	target m[32]
03/20 09:48:49 AM | k[256]	m_tmp[0]	target m[32]
03/20 09:48:49 AM | k[257]	m_tmp[0]	target m[32]
03/20 09:48:49 AM | k[258]	m_tmp[0]	target m[32]
03/20 09:48:49 AM | k[259]	m_tmp[0]	target m[32]
03/20 09:48:49 AM | k[260]	m_tmp[0]	target m[32]
03/20 09:48:49 AM | k[261]	m_tmp[0]	target m[32]
03/20 09:48:49 AM | k[262]	m_tmp[0]	target m[32]
03/20 09:48:49 AM | k[263]	m_tmp[0]	target m[32]
03/20 09:48:49 AM | k[264]	m_tmp[0]	target m[32]
03/20 09:48:49 AM | k[265]	m_tmp[0]	target m[32]
03/20 09:48:49 AM | k[266]	m_tmp[0]	target m[32]
03/20 09:48:49 AM | k[267]	m_tmp[0]	target m[32]
03/20 09:48:49 AM | k[268]	m_tmp[0]	target m[32]
03/20 09:48:49 AM | k[269]	m_tmp[0]	target m[32]
03/20 09:48:49 AM | k[270]	m_tmp[0]	target m[32]
03/20 09:48:49 AM | k[271]	m_tmp[0]	target m[32]
03/20 09:48:49 AM | k[272]	m_tmp[0]	target m[32]
03/20 09:48:49 AM | k[273]	m_tmp[0]	target m[32]
03/20 09:48:49 AM | k[274]	m_tmp[0]	target m[32]
03/20 09:48:49 AM | k[275]	m_tmp[0]	target m[32]
03/20 09:48:49 AM | k[276]	m_tmp[0]	target m[32]
03/20 09:48:49 AM | k[277]	m_tmp[0]	target m[32]
03/20 09:48:49 AM | k[278]	m_tmp[0]	target m[32]
03/20 09:48:49 AM | k[279]	m_tmp[0]	target m[32]
03/20 09:48:49 AM | k[280]	m_tmp[0]	target m[32]
03/20 09:48:49 AM | k[281]	m_tmp[0]	target m[32]
03/20 09:48:49 AM | k[282]	m_tmp[0]	target m[32]
03/20 09:48:49 AM | k[283]	m_tmp[0]	target m[32]
03/20 09:48:49 AM | k[284]	m_tmp[0]	target m[32]
03/20 09:48:49 AM | k[285]	m_tmp[0]	target m[32]
03/20 09:48:49 AM | k[286]	m_tmp[0]	target m[32]
03/20 09:48:49 AM | k[287]	m_tmp[0]	target m[32]
03/20 09:48:49 AM | k[288]	m_tmp[0]	target m[32]
03/20 09:48:49 AM | k[289]	m_tmp[0]	target m[32]
03/20 09:48:49 AM | k[290]	m_tmp[0]	target m[32]
03/20 09:48:49 AM | k[291]	m_tmp[0]	target m[32]
03/20 09:48:49 AM | k[292]	m_tmp[0]	target m[32]
03/20 09:48:49 AM | k[293]	m_tmp[0]	target m[32]
03/20 09:48:49 AM | k[294]	m_tmp[0]	target m[32]
03/20 09:48:49 AM | k[295]	m_tmp[0]	target m[32]
03/20 09:48:49 AM | k[296]	m_tmp[0]	target m[32]
03/20 09:48:49 AM | k[297]	m_tmp[0]	target m[32]
03/20 09:48:49 AM | k[298]	m_tmp[0]	target m[32]
03/20 09:48:49 AM | k[299]	m_tmp[0]	target m[32]
03/20 09:48:49 AM | k[300]	m_tmp[0]	target m[32]
03/20 09:48:49 AM | k[301]	m_tmp[0]	target m[32]
03/20 09:48:49 AM | k[302]	m_tmp[0]	target m[32]
03/20 09:48:49 AM | k[303]	m_tmp[0]	target m[32]
03/20 09:48:49 AM | k[304]	m_tmp[0]	target m[32]
03/20 09:48:49 AM | k[305]	m_tmp[0]	target m[32]
03/20 09:48:49 AM | k[306]	m_tmp[0]	target m[32]
03/20 09:48:49 AM | k[307]	m_tmp[0]	target m[32]
03/20 09:48:49 AM | k[308]	m_tmp[0]	target m[32]
03/20 09:48:49 AM | k[309]	m_tmp[0]	target m[32]
03/20 09:48:49 AM | k[310]	m_tmp[0]	target m[32]
03/20 09:48:49 AM | k[311]	m_tmp[0]	target m[32]
03/20 09:48:49 AM | k[312]	m_tmp[0]	target m[32]
03/20 09:48:49 AM | k[313]	m_tmp[0]	target m[32]
03/20 09:48:49 AM | k[314]	m_tmp[0]	target m[32]
03/20 09:48:49 AM | k[315]	m_tmp[0]	target m[32]
03/20 09:48:49 AM | k[316]	m_tmp[0]	target m[32]
03/20 09:48:49 AM | k[317]	m_tmp[0]	target m[32]
03/20 09:48:49 AM | k[318]	m_tmp[0]	target m[32]
03/20 09:48:49 AM | k[319]	m_tmp[0]	target m[32]
03/20 09:48:49 AM | k[320]	m_tmp[0]	target m[32]
03/20 09:48:49 AM | k[321]	m_tmp[0]	target m[32]
03/20 09:48:49 AM | k[322]	m_tmp[0]	target m[32]
03/20 09:48:49 AM | k[323]	m_tmp[0]	target m[32]
03/20 09:48:49 AM | k[324]	m_tmp[0]	target m[32]
03/20 09:48:49 AM | k[325]	m_tmp[0]	target m[32]
03/20 09:48:49 AM | k[326]	m_tmp[0]	target m[32]
03/20 09:48:49 AM | k[327]	m_tmp[0]	target m[32]
03/20 09:48:49 AM | k[328]	m_tmp[0]	target m[32]
03/20 09:48:49 AM | k[329]	m_tmp[0]	target m[32]
03/20 09:48:49 AM | k[330]	m_tmp[0]	target m[32]
03/20 09:48:49 AM | k[331]	m_tmp[0]	target m[32]
03/20 09:48:49 AM | k[332]	m_tmp[0]	target m[32]
03/20 09:48:49 AM | k[333]	m_tmp[0]	target m[32]
03/20 09:48:49 AM | k[334]	m_tmp[0]	target m[32]
03/20 09:48:49 AM | k[335]	m_tmp[0]	target m[32]
03/20 09:48:49 AM | k[336]	m_tmp[0]	target m[32]
03/20 09:48:49 AM | k[337]	m_tmp[0]	target m[32]
03/20 09:48:49 AM | k[338]	m_tmp[0]	target m[32]
03/20 09:48:49 AM | k[339]	m_tmp[0]	target m[32]
03/20 09:48:49 AM | k[340]	m_tmp[0]	target m[32]
03/20 09:48:49 AM | k[341]	m_tmp[0]	target m[32]
03/20 09:48:49 AM | k[342]	m_tmp[0]	target m[32]
03/20 09:48:49 AM | k[343]	m_tmp[0]	target m[32]
03/20 09:48:49 AM | k[344]	m_tmp[0]	target m[32]
03/20 09:48:49 AM | k[345]	m_tmp[0]	target m[32]
03/20 09:48:49 AM | k[346]	m_tmp[0]	target m[32]
03/20 09:48:49 AM | k[347]	m_tmp[0]	target m[32]
03/20 09:48:49 AM | k[348]	m_tmp[0]	target m[32]
03/20 09:48:49 AM | k[349]	m_tmp[0]	target m[32]
03/20 09:48:49 AM | k[350]	m_tmp[0]	target m[32]
03/20 09:48:49 AM | k[351]	m_tmp[0]	target m[32]
03/20 09:48:49 AM | k[352]	m_tmp[0]	target m[32]
03/20 09:48:49 AM | k[353]	m_tmp[0]	target m[32]
03/20 09:48:49 AM | k[354]	m_tmp[0]	target m[32]
03/20 09:48:49 AM | k[355]	m_tmp[0]	target m[32]
03/20 09:48:49 AM | k[356]	m_tmp[0]	target m[32]
03/20 09:48:49 AM | k[357]	m_tmp[0]	target m[32]
03/20 09:48:49 AM | k[358]	m_tmp[0]	target m[32]
03/20 09:48:49 AM | k[359]	m_tmp[0]	target m[32]
03/20 09:48:49 AM | k[360]	m_tmp[0]	target m[32]
03/20 09:48:49 AM | k[361]	m_tmp[0]	target m[32]
03/20 09:48:50 AM | k[362]	m_tmp[0]	target m[32]
03/20 09:48:50 AM | k[363]	m_tmp[0]	target m[32]
03/20 09:48:50 AM | k[364]	m_tmp[0]	target m[32]
03/20 09:48:50 AM | k[365]	m_tmp[0]	target m[32]
03/20 09:48:50 AM | k[366]	m_tmp[0]	target m[32]
03/20 09:48:50 AM | k[367]	m_tmp[0]	target m[32]
03/20 09:48:50 AM | k[368]	m_tmp[0]	target m[32]
03/20 09:48:50 AM | k[369]	m_tmp[0]	target m[32]
03/20 09:48:50 AM | k[370]	m_tmp[0]	target m[32]
03/20 09:48:50 AM | k[371]	m_tmp[0]	target m[32]
03/20 09:48:50 AM | k[372]	m_tmp[0]	target m[32]
03/20 09:48:50 AM | k[373]	m_tmp[0]	target m[32]
03/20 09:48:50 AM | k[374]	m_tmp[0]	target m[32]
03/20 09:48:50 AM | k[375]	m_tmp[0]	target m[32]
03/20 09:48:50 AM | k[376]	m_tmp[0]	target m[32]
03/20 09:48:50 AM | k[377]	m_tmp[0]	target m[32]
03/20 09:48:50 AM | k[378]	m_tmp[0]	target m[32]
03/20 09:48:50 AM | k[379]	m_tmp[0]	target m[32]
03/20 09:48:50 AM | k[380]	m_tmp[0]	target m[32]
03/20 09:48:50 AM | k[381]	m_tmp[0]	target m[32]
03/20 09:48:50 AM | k[382]	m_tmp[0]	target m[32]
03/20 09:48:50 AM | k[383]	m_tmp[0]	target m[32]
03/20 09:48:50 AM | k[384]	m_tmp[0]	target m[32]
03/20 09:48:50 AM | k[385]	m_tmp[0]	target m[32]
03/20 09:48:50 AM | k[386]	m_tmp[0]	target m[32]
03/20 09:48:50 AM | k[387]	m_tmp[0]	target m[32]
03/20 09:48:50 AM | k[388]	m_tmp[0]	target m[32]
03/20 09:48:50 AM | k[389]	m_tmp[0]	target m[32]
03/20 09:48:50 AM | k[390]	m_tmp[0]	target m[32]
03/20 09:48:50 AM | k[391]	m_tmp[0]	target m[32]
03/20 09:48:50 AM | k[392]	m_tmp[0]	target m[32]
03/20 09:48:50 AM | k[393]	m_tmp[0]	target m[32]
03/20 09:48:50 AM | k[394]	m_tmp[0]	target m[32]
03/20 09:48:50 AM | k[395]	m_tmp[0]	target m[32]
03/20 09:48:50 AM | k[396]	m_tmp[0]	target m[32]
03/20 09:48:50 AM | k[397]	m_tmp[0]	target m[32]
03/20 09:48:50 AM | k[398]	m_tmp[0]	target m[32]
03/20 09:48:50 AM | k[399]	m_tmp[0]	target m[32]
03/20 09:48:50 AM | k[400]	m_tmp[0]	target m[32]
03/20 09:48:50 AM | k[401]	m_tmp[0]	target m[32]
03/20 09:48:50 AM | k[402]	m_tmp[0]	target m[32]
03/20 09:48:50 AM | k[403]	m_tmp[0]	target m[32]
03/20 09:48:50 AM | k[404]	m_tmp[0]	target m[32]
03/20 09:48:50 AM | k[405]	m_tmp[0]	target m[32]
03/20 09:48:50 AM | k[406]	m_tmp[0]	target m[32]
03/20 09:48:50 AM | k[407]	m_tmp[0]	target m[32]
03/20 09:48:50 AM | k[408]	m_tmp[0]	target m[32]
03/20 09:48:50 AM | k[409]	m_tmp[0]	target m[32]
03/20 09:48:50 AM | k[410]	m_tmp[0]	target m[32]
03/20 09:48:50 AM | k[411]	m_tmp[0]	target m[32]
03/20 09:48:50 AM | k[412]	m_tmp[0]	target m[32]
03/20 09:48:50 AM | k[413]	m_tmp[0]	target m[32]
03/20 09:48:50 AM | k[414]	m_tmp[0]	target m[32]
03/20 09:48:50 AM | k[415]	m_tmp[0]	target m[32]
03/20 09:48:50 AM | k[416]	m_tmp[0]	target m[32]
03/20 09:48:50 AM | k[417]	m_tmp[0]	target m[32]
03/20 09:48:50 AM | k[418]	m_tmp[0]	target m[32]
03/20 09:48:50 AM | k[419]	m_tmp[0]	target m[32]
03/20 09:48:50 AM | k[420]	m_tmp[0]	target m[32]
03/20 09:48:50 AM | k[421]	m_tmp[0]	target m[32]
03/20 09:48:50 AM | k[422]	m_tmp[0]	target m[32]
03/20 09:48:50 AM | k[423]	m_tmp[0]	target m[32]
03/20 09:48:50 AM | k[424]	m_tmp[0]	target m[32]
03/20 09:48:50 AM | k[425]	m_tmp[0]	target m[32]
03/20 09:48:50 AM | k[426]	m_tmp[0]	target m[32]
03/20 09:48:50 AM | k[427]	m_tmp[0]	target m[32]
03/20 09:48:50 AM | k[428]	m_tmp[0]	target m[32]
03/20 09:48:50 AM | k[429]	m_tmp[0]	target m[32]
03/20 09:48:50 AM | k[430]	m_tmp[0]	target m[32]
03/20 09:48:50 AM | k[431]	m_tmp[0]	target m[32]
03/20 09:48:50 AM | k[432]	m_tmp[0]	target m[32]
03/20 09:48:50 AM | k[433]	m_tmp[0]	target m[32]
03/20 09:48:50 AM | k[434]	m_tmp[0]	target m[32]
03/20 09:48:50 AM | k[435]	m_tmp[0]	target m[32]
03/20 09:48:50 AM | k[436]	m_tmp[0]	target m[32]
03/20 09:48:50 AM | k[437]	m_tmp[0]	target m[32]
03/20 09:48:50 AM | k[438]	m_tmp[0]	target m[32]
03/20 09:48:50 AM | k[439]	m_tmp[0]	target m[32]
03/20 09:48:50 AM | k[440]	m_tmp[0]	target m[32]
03/20 09:48:50 AM | k[441]	m_tmp[0]	target m[32]
03/20 09:48:50 AM | k[442]	m_tmp[0]	target m[32]
03/20 09:48:50 AM | k[443]	m_tmp[0]	target m[32]
03/20 09:48:50 AM | k[444]	m_tmp[0]	target m[32]
03/20 09:48:50 AM | k[445]	m_tmp[0]	target m[32]
03/20 09:48:50 AM | k[446]	m_tmp[0]	target m[32]
03/20 09:48:50 AM | k[447]	m_tmp[0]	target m[32]
03/20 09:48:50 AM | k[448]	m_tmp[0]	target m[32]
03/20 09:48:50 AM | k[449]	m_tmp[0]	target m[32]
03/20 09:48:50 AM | k[450]	m_tmp[0]	target m[32]
03/20 09:48:50 AM | k[451]	m_tmp[0]	target m[32]
03/20 09:48:50 AM | k[452]	m_tmp[0]	target m[32]
03/20 09:48:50 AM | k[453]	m_tmp[0]	target m[32]
03/20 09:48:50 AM | k[454]	m_tmp[0]	target m[32]
03/20 09:48:50 AM | k[455]	m_tmp[0]	target m[32]
03/20 09:48:50 AM | k[456]	m_tmp[0]	target m[32]
03/20 09:48:50 AM | k[457]	m_tmp[0]	target m[32]
03/20 09:48:50 AM | k[458]	m_tmp[0]	target m[32]
03/20 09:48:50 AM | k[459]	m_tmp[0]	target m[32]
03/20 09:48:50 AM | k[460]	m_tmp[0]	target m[32]
03/20 09:48:50 AM | k[461]	m_tmp[0]	target m[32]
03/20 09:48:50 AM | k[462]	m_tmp[0]	target m[32]
03/20 09:48:50 AM | k[463]	m_tmp[0]	target m[32]
03/20 09:48:50 AM | k[464]	m_tmp[0]	target m[32]
03/20 09:48:50 AM | k[465]	m_tmp[0]	target m[32]
03/20 09:48:50 AM | k[466]	m_tmp[0]	target m[32]
03/20 09:48:50 AM | k[467]	m_tmp[0]	target m[32]
03/20 09:48:50 AM | k[468]	m_tmp[0]	target m[32]
03/20 09:48:51 AM | k[469]	m_tmp[0]	target m[32]
03/20 09:48:51 AM | k[470]	m_tmp[0]	target m[32]
03/20 09:48:51 AM | k[471]	m_tmp[0]	target m[32]
03/20 09:48:51 AM | k[472]	m_tmp[0]	target m[32]
03/20 10:09:51 AM | k[33]	m_tmp[64]	target m[32]
03/20 10:09:51 AM | layer[0]	k[33]	m[32]
03/20 10:09:51 AM | k[33]	m_tmp[64]	target m[32]
03/20 10:09:51 AM | layer[0]	k[33]	m[32]
03/20 10:09:51 AM | k[65]	m_tmp[128]	target m[64]
03/20 10:09:51 AM | layer[0]	k[65]	m[64]
03/20 10:09:51 AM | k[65]	m_tmp[128]	target m[64]
03/20 10:09:51 AM | layer[0]	k[65]	m[64]
03/20 10:09:52 AM | k[129]	m_tmp[256]	target m[128]
03/20 10:09:52 AM | layer[0]	k[129]	m[128]
03/20 10:09:52 AM | k[129]	m_tmp[256]	target m[128]
03/20 10:09:52 AM | layer[0]	k[129]	m[128]
03/20 10:09:53 AM | k[129]	m_tmp[256]	target m[128]
03/20 10:09:53 AM | layer[0]	k[129]	m[128]
03/20 10:09:55 AM | k[257]	m_tmp[512]	target m[256]
03/20 10:09:55 AM | layer[0]	k[257]	m[256]
03/20 10:10:01 AM | k[257]	m_tmp[512]	target m[256]
03/20 10:10:01 AM | layer[0]	k[257]	m[256]
03/20 10:10:06 AM | k[257]	m_tmp[512]	target m[256]
03/20 10:10:06 AM | layer[0]	k[257]	m[256]
03/20 10:10:11 AM | k[257]	m_tmp[512]	target m[256]
03/20 10:10:11 AM | layer[0]	k[257]	m[256]
03/20 10:10:57 AM | k[33]	m_tmp[64]	target m[32]
03/20 10:10:57 AM | layer[0]	k[33]	m[32]
03/20 10:10:57 AM | k[33]	m_tmp[64]	target m[32]
03/20 10:10:57 AM | layer[1]	k[33]	m[32]
03/20 10:10:57 AM | k[65]	m_tmp[128]	target m[64]
03/20 10:10:57 AM | layer[2]	k[65]	m[64]
03/20 10:10:57 AM | k[65]	m_tmp[128]	target m[64]
03/20 10:10:57 AM | layer[3]	k[65]	m[64]
03/20 10:10:57 AM | k[129]	m_tmp[256]	target m[128]
03/20 10:10:57 AM | layer[4]	k[129]	m[128]
03/20 10:10:58 AM | k[129]	m_tmp[256]	target m[128]
03/20 10:10:58 AM | layer[5]	k[129]	m[128]
03/20 10:10:58 AM | k[129]	m_tmp[256]	target m[128]
03/20 10:10:58 AM | layer[6]	k[129]	m[128]
03/20 10:11:01 AM | k[257]	m_tmp[512]	target m[256]
03/20 10:11:01 AM | layer[7]	k[257]	m[256]
03/20 10:11:23 AM | k[33]	m_tmp[5]	target m[32]
03/20 10:11:23 AM | k[34]	m_tmp[5]	target m[32]
03/20 10:11:23 AM | k[35]	m_tmp[5]	target m[32]
03/20 10:11:23 AM | k[36]	m_tmp[6]	target m[32]
03/20 10:11:23 AM | k[37]	m_tmp[6]	target m[32]
03/20 10:11:23 AM | k[38]	m_tmp[6]	target m[32]
03/20 10:11:23 AM | k[39]	m_tmp[7]	target m[32]
03/20 10:11:23 AM | k[40]	m_tmp[7]	target m[32]
03/20 10:11:23 AM | k[41]	m_tmp[7]	target m[32]
03/20 10:11:23 AM | k[42]	m_tmp[8]	target m[32]
03/20 10:11:23 AM | k[43]	m_tmp[8]	target m[32]
03/20 10:11:23 AM | k[44]	m_tmp[8]	target m[32]
03/20 10:11:23 AM | k[45]	m_tmp[9]	target m[32]
03/20 10:11:23 AM | k[46]	m_tmp[10]	target m[32]
03/20 10:11:23 AM | k[47]	m_tmp[10]	target m[32]
03/20 10:11:23 AM | k[48]	m_tmp[11]	target m[32]
03/20 10:11:23 AM | k[49]	m_tmp[12]	target m[32]
03/20 10:11:23 AM | k[50]	m_tmp[13]	target m[32]
03/20 10:11:23 AM | k[51]	m_tmp[15]	target m[32]
03/20 10:11:23 AM | k[52]	m_tmp[18]	target m[32]
03/20 10:11:23 AM | k[53]	m_tmp[22]	target m[32]
03/20 10:11:23 AM | k[54]	m_tmp[24]	target m[32]
03/20 10:11:23 AM | k[55]	m_tmp[24]	target m[32]
03/20 10:11:23 AM | k[56]	m_tmp[27]	target m[32]
03/20 10:11:23 AM | k[57]	m_tmp[29]	target m[32]
03/20 10:11:23 AM | k[58]	m_tmp[34]	target m[32]
03/20 10:11:23 AM | layer[0]	k[58]	m[32]
03/20 10:11:23 AM | k[33]	m_tmp[0]	target m[32]
03/20 10:11:23 AM | k[34]	m_tmp[0]	target m[32]
03/20 10:11:23 AM | k[35]	m_tmp[0]	target m[32]
03/20 10:11:23 AM | k[36]	m_tmp[0]	target m[32]
03/20 10:11:23 AM | k[37]	m_tmp[0]	target m[32]
03/20 10:11:23 AM | k[38]	m_tmp[0]	target m[32]
03/20 10:11:23 AM | k[39]	m_tmp[0]	target m[32]
03/20 10:11:23 AM | k[40]	m_tmp[0]	target m[32]
03/20 10:11:23 AM | k[41]	m_tmp[0]	target m[32]
03/20 10:11:23 AM | k[42]	m_tmp[0]	target m[32]
03/20 10:11:23 AM | k[43]	m_tmp[1]	target m[32]
03/20 10:11:23 AM | k[44]	m_tmp[1]	target m[32]
03/20 10:11:23 AM | k[45]	m_tmp[4]	target m[32]
03/20 10:11:23 AM | k[46]	m_tmp[4]	target m[32]
03/20 10:11:23 AM | k[47]	m_tmp[4]	target m[32]
03/20 10:11:23 AM | k[48]	m_tmp[5]	target m[32]
03/20 10:11:23 AM | k[49]	m_tmp[9]	target m[32]
03/20 10:11:23 AM | k[50]	m_tmp[12]	target m[32]
03/20 10:11:23 AM | k[51]	m_tmp[13]	target m[32]
03/20 10:11:23 AM | k[52]	m_tmp[14]	target m[32]
03/20 10:11:23 AM | k[53]	m_tmp[14]	target m[32]
03/20 10:11:23 AM | k[54]	m_tmp[15]	target m[32]
03/20 10:11:23 AM | k[55]	m_tmp[18]	target m[32]
03/20 10:11:23 AM | k[56]	m_tmp[21]	target m[32]
03/20 10:11:23 AM | k[57]	m_tmp[25]	target m[32]
03/20 10:11:23 AM | k[58]	m_tmp[30]	target m[32]
03/20 10:11:23 AM | k[59]	m_tmp[31]	target m[32]
03/20 10:11:23 AM | k[60]	m_tmp[37]	target m[32]
03/20 10:11:23 AM | layer[1]	k[60]	m[32]
03/20 10:11:23 AM | k[65]	m_tmp[1]	target m[64]
03/20 10:11:23 AM | k[66]	m_tmp[1]	target m[64]
03/20 10:11:23 AM | k[67]	m_tmp[1]	target m[64]
03/20 10:11:23 AM | k[68]	m_tmp[1]	target m[64]
03/20 10:11:23 AM | k[69]	m_tmp[1]	target m[64]
03/20 10:11:23 AM | k[70]	m_tmp[1]	target m[64]
03/20 10:11:23 AM | k[71]	m_tmp[1]	target m[64]
03/20 10:11:23 AM | k[72]	m_tmp[1]	target m[64]
03/20 10:11:23 AM | k[73]	m_tmp[1]	target m[64]
03/20 10:11:23 AM | k[74]	m_tmp[2]	target m[64]
03/20 10:11:23 AM | k[75]	m_tmp[2]	target m[64]
03/20 10:11:23 AM | k[76]	m_tmp[2]	target m[64]
03/20 10:11:23 AM | k[77]	m_tmp[2]	target m[64]
03/20 10:11:24 AM | k[78]	m_tmp[2]	target m[64]
03/20 10:11:24 AM | k[79]	m_tmp[3]	target m[64]
03/20 10:11:24 AM | k[80]	m_tmp[3]	target m[64]
03/20 10:11:24 AM | k[81]	m_tmp[3]	target m[64]
03/20 10:11:24 AM | k[82]	m_tmp[3]	target m[64]
03/20 10:11:24 AM | k[83]	m_tmp[3]	target m[64]
03/20 10:11:24 AM | k[84]	m_tmp[4]	target m[64]
03/20 10:11:24 AM | k[85]	m_tmp[5]	target m[64]
03/20 10:11:24 AM | k[86]	m_tmp[6]	target m[64]
03/20 10:11:24 AM | k[87]	m_tmp[6]	target m[64]
03/20 10:11:24 AM | k[88]	m_tmp[6]	target m[64]
03/20 10:11:24 AM | k[89]	m_tmp[6]	target m[64]
03/20 10:11:24 AM | k[90]	m_tmp[6]	target m[64]
03/20 10:11:24 AM | k[91]	m_tmp[6]	target m[64]
03/20 10:11:24 AM | k[92]	m_tmp[8]	target m[64]
03/20 10:11:24 AM | k[93]	m_tmp[9]	target m[64]
03/20 10:11:24 AM | k[94]	m_tmp[9]	target m[64]
03/20 10:11:24 AM | k[95]	m_tmp[10]	target m[64]
03/20 10:11:24 AM | k[96]	m_tmp[11]	target m[64]
03/20 10:11:24 AM | k[97]	m_tmp[12]	target m[64]
03/20 10:11:24 AM | k[98]	m_tmp[12]	target m[64]
03/20 10:11:24 AM | k[99]	m_tmp[12]	target m[64]
03/20 10:11:24 AM | k[100]	m_tmp[13]	target m[64]
03/20 10:11:24 AM | k[101]	m_tmp[14]	target m[64]
03/20 10:11:24 AM | k[102]	m_tmp[14]	target m[64]
03/20 10:11:24 AM | k[103]	m_tmp[14]	target m[64]
03/20 10:11:24 AM | k[104]	m_tmp[15]	target m[64]
03/20 10:11:24 AM | k[105]	m_tmp[18]	target m[64]
03/20 10:11:24 AM | k[106]	m_tmp[19]	target m[64]
03/20 10:11:24 AM | k[107]	m_tmp[20]	target m[64]
03/20 10:11:24 AM | k[108]	m_tmp[22]	target m[64]
03/20 10:11:25 AM | k[109]	m_tmp[24]	target m[64]
03/20 10:11:25 AM | k[110]	m_tmp[25]	target m[64]
03/20 10:11:25 AM | k[111]	m_tmp[27]	target m[64]
03/20 10:11:25 AM | k[112]	m_tmp[28]	target m[64]
03/20 10:11:25 AM | k[113]	m_tmp[29]	target m[64]
03/20 10:11:25 AM | k[114]	m_tmp[32]	target m[64]
03/20 10:11:25 AM | k[115]	m_tmp[32]	target m[64]
03/20 10:11:25 AM | k[116]	m_tmp[37]	target m[64]
03/20 10:11:25 AM | k[117]	m_tmp[43]	target m[64]
03/20 10:11:25 AM | k[118]	m_tmp[45]	target m[64]
03/20 10:11:25 AM | k[119]	m_tmp[48]	target m[64]
03/20 10:11:25 AM | k[120]	m_tmp[51]	target m[64]
03/20 10:11:25 AM | k[121]	m_tmp[57]	target m[64]
03/20 10:11:25 AM | k[122]	m_tmp[58]	target m[64]
03/20 10:11:25 AM | k[123]	m_tmp[69]	target m[64]
03/20 10:11:25 AM | layer[2]	k[123]	m[64]
03/20 10:11:25 AM | k[65]	m_tmp[2]	target m[64]
03/20 10:11:25 AM | k[66]	m_tmp[2]	target m[64]
03/20 10:11:25 AM | k[67]	m_tmp[2]	target m[64]
03/20 10:11:25 AM | k[68]	m_tmp[2]	target m[64]
03/20 10:11:25 AM | k[69]	m_tmp[2]	target m[64]
03/20 10:11:25 AM | k[70]	m_tmp[2]	target m[64]
03/20 10:11:25 AM | k[71]	m_tmp[2]	target m[64]
03/20 10:11:25 AM | k[72]	m_tmp[2]	target m[64]
03/20 10:11:25 AM | k[73]	m_tmp[3]	target m[64]
03/20 10:11:26 AM | k[74]	m_tmp[3]	target m[64]
03/20 10:11:26 AM | k[75]	m_tmp[3]	target m[64]
03/20 10:11:26 AM | k[76]	m_tmp[3]	target m[64]
03/20 10:11:26 AM | k[77]	m_tmp[3]	target m[64]
03/20 10:11:26 AM | k[78]	m_tmp[4]	target m[64]
03/20 10:11:26 AM | k[79]	m_tmp[5]	target m[64]
03/20 10:11:26 AM | k[80]	m_tmp[6]	target m[64]
03/20 10:11:26 AM | k[81]	m_tmp[6]	target m[64]
03/20 10:11:26 AM | k[82]	m_tmp[6]	target m[64]
03/20 10:11:26 AM | k[83]	m_tmp[6]	target m[64]
03/20 10:11:26 AM | k[84]	m_tmp[7]	target m[64]
03/20 10:11:26 AM | k[85]	m_tmp[8]	target m[64]
03/20 10:11:26 AM | k[86]	m_tmp[8]	target m[64]
03/20 10:11:26 AM | k[87]	m_tmp[8]	target m[64]
03/20 10:11:26 AM | k[88]	m_tmp[9]	target m[64]
03/20 10:11:26 AM | k[89]	m_tmp[10]	target m[64]
03/20 10:11:26 AM | k[90]	m_tmp[10]	target m[64]
03/20 10:11:27 AM | k[91]	m_tmp[10]	target m[64]
03/20 10:11:27 AM | k[92]	m_tmp[11]	target m[64]
03/20 10:11:27 AM | k[93]	m_tmp[12]	target m[64]
03/20 10:11:27 AM | k[94]	m_tmp[12]	target m[64]
03/20 10:11:27 AM | k[95]	m_tmp[13]	target m[64]
03/20 10:11:27 AM | k[96]	m_tmp[13]	target m[64]
03/20 10:11:27 AM | k[97]	m_tmp[17]	target m[64]
03/20 10:11:27 AM | k[98]	m_tmp[18]	target m[64]
03/20 10:11:27 AM | k[99]	m_tmp[18]	target m[64]
03/20 10:11:27 AM | k[100]	m_tmp[19]	target m[64]
03/20 10:11:27 AM | k[101]	m_tmp[22]	target m[64]
03/20 10:12:50 AM | k[33]	m_tmp[5]	target m[32]
03/20 10:12:50 AM | k[34]	m_tmp[5]	target m[32]
03/20 10:12:50 AM | k[35]	m_tmp[5]	target m[32]
03/20 10:12:50 AM | k[36]	m_tmp[6]	target m[32]
03/20 10:12:50 AM | k[37]	m_tmp[6]	target m[32]
03/20 10:12:50 AM | k[38]	m_tmp[6]	target m[32]
03/20 10:12:50 AM | k[39]	m_tmp[7]	target m[32]
03/20 10:12:50 AM | k[40]	m_tmp[7]	target m[32]
03/20 10:12:50 AM | k[41]	m_tmp[7]	target m[32]
03/20 10:12:50 AM | k[42]	m_tmp[8]	target m[32]
03/20 10:12:50 AM | k[43]	m_tmp[8]	target m[32]
03/20 10:12:50 AM | k[44]	m_tmp[8]	target m[32]
03/20 10:12:50 AM | k[45]	m_tmp[9]	target m[32]
03/20 10:12:50 AM | k[46]	m_tmp[10]	target m[32]
03/20 10:12:50 AM | k[47]	m_tmp[10]	target m[32]
03/20 10:12:50 AM | k[48]	m_tmp[11]	target m[32]
03/20 10:12:50 AM | k[49]	m_tmp[12]	target m[32]
03/20 10:12:50 AM | k[50]	m_tmp[13]	target m[32]
03/20 10:12:50 AM | k[51]	m_tmp[15]	target m[32]
03/20 10:12:50 AM | k[52]	m_tmp[18]	target m[32]
03/20 10:12:50 AM | k[53]	m_tmp[22]	target m[32]
03/20 10:12:50 AM | k[54]	m_tmp[24]	target m[32]
03/20 10:12:50 AM | k[55]	m_tmp[24]	target m[32]
03/20 10:12:50 AM | k[56]	m_tmp[27]	target m[32]
03/20 10:12:50 AM | k[57]	m_tmp[29]	target m[32]
03/20 10:12:50 AM | k[58]	m_tmp[34]	target m[32]
03/20 10:12:50 AM | layer[0]	k[58]	m[32]
03/20 10:12:50 AM | k[33]	m_tmp[0]	target m[32]
03/20 10:12:50 AM | k[34]	m_tmp[0]	target m[32]
03/20 10:12:50 AM | k[35]	m_tmp[0]	target m[32]
03/20 10:12:50 AM | k[36]	m_tmp[0]	target m[32]
03/20 10:12:50 AM | k[37]	m_tmp[0]	target m[32]
03/20 10:12:50 AM | k[38]	m_tmp[0]	target m[32]
03/20 10:12:50 AM | k[39]	m_tmp[0]	target m[32]
03/20 10:12:50 AM | k[40]	m_tmp[0]	target m[32]
03/20 10:12:50 AM | k[41]	m_tmp[0]	target m[32]
03/20 10:12:50 AM | k[42]	m_tmp[0]	target m[32]
03/20 10:12:50 AM | k[43]	m_tmp[1]	target m[32]
03/20 10:12:50 AM | k[44]	m_tmp[1]	target m[32]
03/20 10:12:50 AM | k[45]	m_tmp[4]	target m[32]
03/20 10:12:50 AM | k[46]	m_tmp[4]	target m[32]
03/20 10:12:50 AM | k[47]	m_tmp[4]	target m[32]
03/20 10:12:50 AM | k[48]	m_tmp[5]	target m[32]
03/20 10:12:50 AM | k[49]	m_tmp[9]	target m[32]
03/20 10:12:50 AM | k[50]	m_tmp[12]	target m[32]
03/20 10:12:50 AM | k[51]	m_tmp[13]	target m[32]
03/20 10:12:50 AM | k[52]	m_tmp[14]	target m[32]
03/20 10:12:50 AM | k[53]	m_tmp[14]	target m[32]
03/20 10:12:50 AM | k[54]	m_tmp[15]	target m[32]
03/20 10:12:50 AM | k[55]	m_tmp[18]	target m[32]
03/20 10:12:50 AM | k[56]	m_tmp[21]	target m[32]
03/20 10:12:50 AM | k[57]	m_tmp[25]	target m[32]
03/20 10:12:50 AM | k[58]	m_tmp[30]	target m[32]
03/20 10:12:50 AM | k[59]	m_tmp[31]	target m[32]
03/20 10:12:50 AM | k[60]	m_tmp[37]	target m[32]
03/20 10:12:50 AM | layer[1]	k[60]	m[32]
03/20 10:12:50 AM | k[65]	m_tmp[1]	target m[64]
03/20 10:12:50 AM | k[66]	m_tmp[1]	target m[64]
03/20 10:12:50 AM | k[67]	m_tmp[1]	target m[64]
03/20 10:12:50 AM | k[68]	m_tmp[1]	target m[64]
03/20 10:12:50 AM | k[69]	m_tmp[1]	target m[64]
03/20 10:12:51 AM | k[70]	m_tmp[1]	target m[64]
03/20 10:12:51 AM | k[71]	m_tmp[1]	target m[64]
03/20 10:12:51 AM | k[72]	m_tmp[1]	target m[64]
03/20 10:12:51 AM | k[73]	m_tmp[1]	target m[64]
03/20 10:12:51 AM | k[74]	m_tmp[2]	target m[64]
03/20 10:12:51 AM | k[75]	m_tmp[2]	target m[64]
03/20 10:12:51 AM | k[76]	m_tmp[2]	target m[64]
03/20 10:12:51 AM | k[77]	m_tmp[2]	target m[64]
03/20 10:12:51 AM | k[78]	m_tmp[2]	target m[64]
03/20 10:12:51 AM | k[79]	m_tmp[3]	target m[64]
03/20 10:12:51 AM | k[80]	m_tmp[3]	target m[64]
03/20 10:12:51 AM | k[81]	m_tmp[3]	target m[64]
03/20 10:12:51 AM | k[82]	m_tmp[3]	target m[64]
03/20 10:12:51 AM | k[83]	m_tmp[3]	target m[64]
03/20 10:12:51 AM | k[84]	m_tmp[4]	target m[64]
03/20 10:12:51 AM | k[85]	m_tmp[5]	target m[64]
03/20 10:12:51 AM | k[86]	m_tmp[6]	target m[64]
03/20 10:12:51 AM | k[87]	m_tmp[6]	target m[64]
03/20 10:12:51 AM | k[88]	m_tmp[6]	target m[64]
03/20 10:12:51 AM | k[89]	m_tmp[6]	target m[64]
03/20 10:12:51 AM | k[90]	m_tmp[6]	target m[64]
03/20 10:12:51 AM | k[91]	m_tmp[6]	target m[64]
03/20 10:12:51 AM | k[92]	m_tmp[8]	target m[64]
03/20 10:12:51 AM | k[93]	m_tmp[9]	target m[64]
03/20 10:12:51 AM | k[94]	m_tmp[9]	target m[64]
03/20 10:12:51 AM | k[95]	m_tmp[10]	target m[64]
03/20 10:12:51 AM | k[96]	m_tmp[11]	target m[64]
03/20 10:12:51 AM | k[97]	m_tmp[12]	target m[64]
03/20 10:12:51 AM | k[98]	m_tmp[12]	target m[64]
03/20 10:12:51 AM | k[99]	m_tmp[12]	target m[64]
03/20 10:12:51 AM | k[100]	m_tmp[13]	target m[64]
03/20 10:12:52 AM | k[101]	m_tmp[14]	target m[64]
03/20 10:12:52 AM | k[102]	m_tmp[14]	target m[64]
03/20 10:12:52 AM | k[103]	m_tmp[14]	target m[64]
03/20 10:12:52 AM | k[104]	m_tmp[15]	target m[64]
03/20 10:12:52 AM | k[105]	m_tmp[18]	target m[64]
03/20 10:12:52 AM | k[106]	m_tmp[19]	target m[64]
03/20 10:12:52 AM | k[107]	m_tmp[20]	target m[64]
03/20 10:12:52 AM | k[108]	m_tmp[22]	target m[64]
03/20 10:12:52 AM | k[109]	m_tmp[24]	target m[64]
03/20 10:12:52 AM | k[110]	m_tmp[25]	target m[64]
03/20 10:12:52 AM | k[111]	m_tmp[27]	target m[64]
03/20 10:12:52 AM | k[112]	m_tmp[28]	target m[64]
03/20 10:12:52 AM | k[113]	m_tmp[29]	target m[64]
03/20 10:12:52 AM | k[114]	m_tmp[32]	target m[64]
03/20 10:12:52 AM | k[115]	m_tmp[32]	target m[64]
03/20 10:12:52 AM | k[116]	m_tmp[37]	target m[64]
03/20 10:12:52 AM | k[117]	m_tmp[43]	target m[64]
03/20 10:12:52 AM | k[118]	m_tmp[45]	target m[64]
03/20 10:12:52 AM | k[119]	m_tmp[48]	target m[64]
03/20 10:12:52 AM | k[120]	m_tmp[51]	target m[64]
03/20 10:12:52 AM | k[121]	m_tmp[57]	target m[64]
03/20 10:12:52 AM | k[122]	m_tmp[58]	target m[64]
03/20 10:12:52 AM | k[123]	m_tmp[69]	target m[64]
03/20 10:12:52 AM | layer[2]	k[123]	m[64]
03/20 10:12:52 AM | k[65]	m_tmp[2]	target m[64]
03/20 10:12:52 AM | k[66]	m_tmp[2]	target m[64]
03/20 10:12:52 AM | k[67]	m_tmp[2]	target m[64]
03/20 10:12:52 AM | k[68]	m_tmp[2]	target m[64]
03/20 10:12:53 AM | k[69]	m_tmp[2]	target m[64]
03/20 10:12:53 AM | k[70]	m_tmp[2]	target m[64]
03/20 10:12:53 AM | k[71]	m_tmp[2]	target m[64]
03/20 10:12:53 AM | k[72]	m_tmp[2]	target m[64]
03/20 10:12:53 AM | k[73]	m_tmp[3]	target m[64]
03/20 10:12:53 AM | k[74]	m_tmp[3]	target m[64]
03/20 10:12:53 AM | k[75]	m_tmp[3]	target m[64]
03/20 10:12:53 AM | k[76]	m_tmp[3]	target m[64]
03/20 10:12:53 AM | k[77]	m_tmp[3]	target m[64]
03/20 10:12:53 AM | k[78]	m_tmp[4]	target m[64]
03/20 10:12:53 AM | k[79]	m_tmp[5]	target m[64]
03/20 10:12:53 AM | k[80]	m_tmp[6]	target m[64]
03/20 10:12:53 AM | k[81]	m_tmp[6]	target m[64]
03/20 10:12:53 AM | k[82]	m_tmp[6]	target m[64]
03/20 10:12:53 AM | k[83]	m_tmp[6]	target m[64]
03/20 10:12:53 AM | k[84]	m_tmp[7]	target m[64]
03/20 10:12:53 AM | k[85]	m_tmp[8]	target m[64]
03/20 10:12:54 AM | k[86]	m_tmp[8]	target m[64]
03/20 10:12:54 AM | k[87]	m_tmp[8]	target m[64]
03/20 10:12:54 AM | k[88]	m_tmp[9]	target m[64]
03/20 10:12:54 AM | k[89]	m_tmp[10]	target m[64]
03/20 10:12:54 AM | k[90]	m_tmp[10]	target m[64]
03/20 10:12:54 AM | k[91]	m_tmp[10]	target m[64]
03/20 10:12:54 AM | k[92]	m_tmp[11]	target m[64]
03/20 10:12:54 AM | k[93]	m_tmp[12]	target m[64]
03/20 10:12:54 AM | k[94]	m_tmp[12]	target m[64]
03/20 10:12:54 AM | k[95]	m_tmp[13]	target m[64]
03/20 10:12:54 AM | k[96]	m_tmp[13]	target m[64]
03/20 10:12:54 AM | k[97]	m_tmp[17]	target m[64]
03/20 10:12:54 AM | k[98]	m_tmp[18]	target m[64]
03/20 10:12:54 AM | k[99]	m_tmp[18]	target m[64]
03/20 10:12:54 AM | k[100]	m_tmp[19]	target m[64]
03/20 10:12:54 AM | k[101]	m_tmp[22]	target m[64]
03/20 10:12:54 AM | k[102]	m_tmp[22]	target m[64]
03/20 10:12:54 AM | k[103]	m_tmp[23]	target m[64]
03/20 10:12:55 AM | k[104]	m_tmp[26]	target m[64]
03/20 10:12:55 AM | k[105]	m_tmp[27]	target m[64]
03/20 10:12:55 AM | k[106]	m_tmp[27]	target m[64]
03/20 10:12:55 AM | k[107]	m_tmp[29]	target m[64]
03/20 10:12:55 AM | k[108]	m_tmp[30]	target m[64]
03/20 10:12:55 AM | k[109]	m_tmp[31]	target m[64]
03/20 10:12:55 AM | k[110]	m_tmp[31]	target m[64]
03/20 10:12:55 AM | k[111]	m_tmp[33]	target m[64]
03/20 10:12:55 AM | k[112]	m_tmp[34]	target m[64]
03/20 10:12:55 AM | k[113]	m_tmp[41]	target m[64]
03/20 10:12:55 AM | k[114]	m_tmp[42]	target m[64]
03/20 10:12:55 AM | k[115]	m_tmp[43]	target m[64]
03/20 10:12:55 AM | k[116]	m_tmp[46]	target m[64]
03/20 10:12:55 AM | k[117]	m_tmp[47]	target m[64]
03/20 10:12:55 AM | k[118]	m_tmp[49]	target m[64]
03/20 10:12:55 AM | k[119]	m_tmp[53]	target m[64]
03/20 10:12:55 AM | k[120]	m_tmp[56]	target m[64]
03/20 10:12:55 AM | k[121]	m_tmp[63]	target m[64]
03/20 10:12:56 AM | k[122]	m_tmp[68]	target m[64]
03/20 10:12:56 AM | layer[3]	k[122]	m[64]
03/20 10:12:56 AM | k[129]	m_tmp[13]	target m[128]
03/20 10:12:56 AM | k[130]	m_tmp[13]	target m[128]
03/20 10:12:56 AM | k[131]	m_tmp[13]	target m[128]
03/20 10:12:56 AM | k[132]	m_tmp[13]	target m[128]
03/20 10:12:57 AM | k[133]	m_tmp[13]	target m[128]
03/20 10:12:57 AM | k[134]	m_tmp[13]	target m[128]
03/20 10:12:57 AM | k[135]	m_tmp[14]	target m[128]
03/20 10:12:57 AM | k[136]	m_tmp[14]	target m[128]
03/20 10:12:58 AM | k[137]	m_tmp[14]	target m[128]
03/20 10:12:58 AM | k[138]	m_tmp[14]	target m[128]
03/20 10:12:58 AM | k[139]	m_tmp[14]	target m[128]
03/20 10:12:58 AM | k[140]	m_tmp[14]	target m[128]
03/20 10:12:58 AM | k[141]	m_tmp[14]	target m[128]
03/20 10:12:59 AM | k[142]	m_tmp[15]	target m[128]
03/20 10:12:59 AM | k[143]	m_tmp[15]	target m[128]
03/20 10:12:59 AM | k[144]	m_tmp[15]	target m[128]
03/20 10:12:59 AM | k[145]	m_tmp[15]	target m[128]
03/20 10:12:59 AM | k[146]	m_tmp[15]	target m[128]
03/20 10:13:00 AM | k[147]	m_tmp[15]	target m[128]
03/20 10:13:00 AM | k[148]	m_tmp[15]	target m[128]
03/20 10:13:00 AM | k[149]	m_tmp[15]	target m[128]
03/20 10:13:00 AM | k[150]	m_tmp[15]	target m[128]
03/20 10:13:01 AM | k[151]	m_tmp[15]	target m[128]
03/20 10:13:01 AM | k[152]	m_tmp[16]	target m[128]
03/20 10:13:01 AM | k[153]	m_tmp[16]	target m[128]
03/20 10:13:01 AM | k[154]	m_tmp[16]	target m[128]
03/20 10:13:01 AM | k[155]	m_tmp[17]	target m[128]
03/20 10:13:02 AM | k[156]	m_tmp[17]	target m[128]
03/20 10:13:02 AM | k[157]	m_tmp[17]	target m[128]
03/20 10:13:02 AM | k[158]	m_tmp[17]	target m[128]
03/20 10:13:02 AM | k[159]	m_tmp[17]	target m[128]
03/20 10:13:03 AM | k[160]	m_tmp[18]	target m[128]
03/20 10:13:03 AM | k[161]	m_tmp[18]	target m[128]
03/20 10:13:03 AM | k[162]	m_tmp[18]	target m[128]
03/20 10:13:03 AM | k[163]	m_tmp[18]	target m[128]
03/20 10:13:03 AM | k[164]	m_tmp[21]	target m[128]
03/20 10:13:04 AM | k[165]	m_tmp[21]	target m[128]
03/20 10:13:04 AM | k[166]	m_tmp[21]	target m[128]
03/20 10:13:04 AM | k[167]	m_tmp[22]	target m[128]
03/20 10:13:04 AM | k[168]	m_tmp[24]	target m[128]
03/20 10:13:05 AM | k[169]	m_tmp[26]	target m[128]
03/20 10:13:05 AM | k[170]	m_tmp[26]	target m[128]
03/20 10:13:05 AM | k[171]	m_tmp[27]	target m[128]
03/20 10:13:05 AM | k[172]	m_tmp[27]	target m[128]
03/20 10:13:05 AM | k[173]	m_tmp[28]	target m[128]
03/20 10:13:06 AM | k[174]	m_tmp[29]	target m[128]
03/20 10:13:06 AM | k[175]	m_tmp[31]	target m[128]
03/20 10:13:06 AM | k[176]	m_tmp[32]	target m[128]
03/20 10:13:06 AM | k[177]	m_tmp[33]	target m[128]
03/20 10:13:06 AM | k[178]	m_tmp[36]	target m[128]
03/20 10:13:07 AM | k[179]	m_tmp[36]	target m[128]
03/20 10:13:07 AM | k[180]	m_tmp[37]	target m[128]
03/20 10:13:07 AM | k[181]	m_tmp[38]	target m[128]
03/20 10:13:07 AM | k[182]	m_tmp[38]	target m[128]
03/20 10:13:08 AM | k[183]	m_tmp[40]	target m[128]
03/20 10:13:08 AM | k[184]	m_tmp[40]	target m[128]
03/20 10:13:08 AM | k[185]	m_tmp[42]	target m[128]
03/20 10:13:08 AM | k[186]	m_tmp[42]	target m[128]
03/20 10:13:08 AM | k[187]	m_tmp[44]	target m[128]
03/20 10:13:09 AM | k[188]	m_tmp[44]	target m[128]
03/20 10:13:09 AM | k[189]	m_tmp[44]	target m[128]
03/20 10:13:09 AM | k[190]	m_tmp[44]	target m[128]
03/20 10:13:09 AM | k[191]	m_tmp[46]	target m[128]
03/20 10:13:10 AM | k[192]	m_tmp[46]	target m[128]
03/20 10:13:10 AM | k[193]	m_tmp[47]	target m[128]
03/20 10:13:10 AM | k[194]	m_tmp[49]	target m[128]
03/20 10:13:10 AM | k[195]	m_tmp[53]	target m[128]
03/20 10:13:10 AM | k[196]	m_tmp[54]	target m[128]
03/20 10:13:11 AM | k[197]	m_tmp[54]	target m[128]
03/20 10:13:11 AM | k[198]	m_tmp[54]	target m[128]
03/20 10:13:11 AM | k[199]	m_tmp[54]	target m[128]
03/20 10:13:11 AM | k[200]	m_tmp[55]	target m[128]
03/20 10:13:11 AM | k[201]	m_tmp[56]	target m[128]
03/20 10:13:12 AM | k[202]	m_tmp[56]	target m[128]
03/20 10:13:12 AM | k[203]	m_tmp[57]	target m[128]
03/20 10:13:12 AM | k[204]	m_tmp[58]	target m[128]
03/20 10:13:12 AM | k[205]	m_tmp[59]	target m[128]
03/20 10:13:13 AM | k[206]	m_tmp[60]	target m[128]
03/20 10:13:13 AM | k[207]	m_tmp[61]	target m[128]
03/20 10:13:13 AM | k[208]	m_tmp[63]	target m[128]
03/20 10:13:13 AM | k[209]	m_tmp[64]	target m[128]
03/20 10:13:14 AM | k[210]	m_tmp[64]	target m[128]
03/20 10:13:14 AM | k[211]	m_tmp[65]	target m[128]
03/20 10:13:14 AM | k[212]	m_tmp[65]	target m[128]
03/20 10:13:14 AM | k[213]	m_tmp[65]	target m[128]
03/20 10:13:14 AM | k[214]	m_tmp[65]	target m[128]
03/20 10:13:15 AM | k[215]	m_tmp[67]	target m[128]
03/20 10:13:15 AM | k[216]	m_tmp[68]	target m[128]
03/20 10:13:15 AM | k[217]	m_tmp[68]	target m[128]
03/20 10:13:15 AM | k[218]	m_tmp[73]	target m[128]
03/20 10:13:16 AM | k[219]	m_tmp[73]	target m[128]
03/20 10:13:16 AM | k[220]	m_tmp[74]	target m[128]
03/20 10:13:16 AM | k[221]	m_tmp[74]	target m[128]
03/20 10:13:16 AM | k[222]	m_tmp[76]	target m[128]
03/20 10:13:16 AM | k[223]	m_tmp[78]	target m[128]
03/20 10:13:17 AM | k[224]	m_tmp[78]	target m[128]
03/20 10:13:17 AM | k[225]	m_tmp[82]	target m[128]
03/20 10:13:17 AM | k[226]	m_tmp[83]	target m[128]
03/20 10:13:17 AM | k[227]	m_tmp[85]	target m[128]
03/20 10:13:17 AM | k[228]	m_tmp[89]	target m[128]
03/20 10:17:31 AM | k[33]	m_tmp[5]	target m[32]
03/20 10:17:31 AM | k[34]	m_tmp[5]	target m[32]
03/20 10:17:31 AM | k[35]	m_tmp[5]	target m[32]
03/20 10:17:31 AM | k[36]	m_tmp[6]	target m[32]
03/20 10:17:31 AM | k[37]	m_tmp[6]	target m[32]
03/20 10:17:31 AM | k[38]	m_tmp[6]	target m[32]
03/20 10:17:31 AM | k[39]	m_tmp[7]	target m[32]
03/20 10:17:31 AM | k[40]	m_tmp[7]	target m[32]
03/20 10:17:31 AM | k[41]	m_tmp[7]	target m[32]
03/20 10:17:31 AM | k[42]	m_tmp[8]	target m[32]
03/20 10:17:31 AM | k[43]	m_tmp[8]	target m[32]
03/20 10:17:31 AM | k[44]	m_tmp[8]	target m[32]
03/20 10:17:31 AM | k[45]	m_tmp[9]	target m[32]
03/20 10:17:31 AM | k[46]	m_tmp[10]	target m[32]
03/20 10:17:31 AM | k[47]	m_tmp[10]	target m[32]
03/20 10:17:31 AM | k[48]	m_tmp[11]	target m[32]
03/20 10:17:31 AM | k[49]	m_tmp[12]	target m[32]
03/20 10:17:31 AM | k[50]	m_tmp[13]	target m[32]
03/20 10:17:31 AM | k[51]	m_tmp[15]	target m[32]
03/20 10:17:31 AM | k[52]	m_tmp[18]	target m[32]
03/20 10:17:31 AM | k[53]	m_tmp[22]	target m[32]
03/20 10:17:31 AM | k[54]	m_tmp[24]	target m[32]
03/20 10:17:31 AM | k[55]	m_tmp[24]	target m[32]
03/20 10:17:31 AM | k[56]	m_tmp[27]	target m[32]
03/20 10:17:31 AM | k[57]	m_tmp[29]	target m[32]
03/20 10:17:31 AM | k[58]	m_tmp[34]	target m[32]
03/20 10:17:31 AM | layer[0]	k[58]	m[32]
03/20 10:17:31 AM | k[33]	m_tmp[0]	target m[32]
03/20 10:17:31 AM | k[34]	m_tmp[0]	target m[32]
03/20 10:17:31 AM | k[35]	m_tmp[0]	target m[32]
03/20 10:17:31 AM | k[36]	m_tmp[0]	target m[32]
03/20 10:17:31 AM | k[37]	m_tmp[0]	target m[32]
03/20 10:17:31 AM | k[38]	m_tmp[0]	target m[32]
03/20 10:17:31 AM | k[39]	m_tmp[0]	target m[32]
03/20 10:17:31 AM | k[40]	m_tmp[0]	target m[32]
03/20 10:17:31 AM | k[41]	m_tmp[0]	target m[32]
03/20 10:17:31 AM | k[42]	m_tmp[0]	target m[32]
03/20 10:17:31 AM | k[43]	m_tmp[1]	target m[32]
03/20 10:17:31 AM | k[44]	m_tmp[1]	target m[32]
03/20 10:17:31 AM | k[45]	m_tmp[4]	target m[32]
03/20 10:17:31 AM | k[46]	m_tmp[4]	target m[32]
03/20 10:17:31 AM | k[47]	m_tmp[4]	target m[32]
03/20 10:17:31 AM | k[48]	m_tmp[5]	target m[32]
03/20 10:17:31 AM | k[49]	m_tmp[9]	target m[32]
03/20 10:17:31 AM | k[50]	m_tmp[12]	target m[32]
03/20 10:17:31 AM | k[51]	m_tmp[13]	target m[32]
03/20 10:17:31 AM | k[52]	m_tmp[14]	target m[32]
03/20 10:17:31 AM | k[53]	m_tmp[14]	target m[32]
03/20 10:17:31 AM | k[54]	m_tmp[15]	target m[32]
03/20 10:17:31 AM | k[55]	m_tmp[18]	target m[32]
03/20 10:17:31 AM | k[56]	m_tmp[21]	target m[32]
03/20 10:17:31 AM | k[57]	m_tmp[25]	target m[32]
03/20 10:17:31 AM | k[58]	m_tmp[30]	target m[32]
03/20 10:17:31 AM | k[59]	m_tmp[31]	target m[32]
03/20 10:17:31 AM | k[60]	m_tmp[37]	target m[32]
03/20 10:17:31 AM | layer[1]	k[60]	m[32]
03/20 10:17:31 AM | k[65]	m_tmp[1]	target m[64]
03/20 10:17:31 AM | k[66]	m_tmp[1]	target m[64]
03/20 10:17:31 AM | k[67]	m_tmp[1]	target m[64]
03/20 10:17:31 AM | k[68]	m_tmp[1]	target m[64]
03/20 10:17:31 AM | k[69]	m_tmp[1]	target m[64]
03/20 10:17:31 AM | k[70]	m_tmp[1]	target m[64]
03/20 10:17:31 AM | k[71]	m_tmp[1]	target m[64]
03/20 10:17:31 AM | k[72]	m_tmp[1]	target m[64]
03/20 10:17:31 AM | k[73]	m_tmp[1]	target m[64]
03/20 10:17:31 AM | k[74]	m_tmp[2]	target m[64]
03/20 10:17:31 AM | k[75]	m_tmp[2]	target m[64]
03/20 10:17:31 AM | k[76]	m_tmp[2]	target m[64]
